<?xml version="1.0" encoding="utf-8"?><testsuites name="pytest tests"><testsuite name="pytest" errors="0" failures="0" skipped="0" tests="30" time="7.443" timestamp="2026-04-22T13:30:06.772491+00:00" hostname="agent-env-ee23126f-822d-46d4-bb91-2222cb374a83"><testcase classname="tests.backend_test.TestAuth" name="test_login_success_sets_cookies" time="0.400" /><testcase classname="tests.backend_test.TestAuth" name="test_me_with_cookie" time="0.407" /><testcase classname="tests.backend_test.TestAuth" name="test_me_without_cookie" time="0.118" /><testcase classname="tests.backend_test.TestAuth" name="test_login_invalid" time="0.111" /><testcase classname="tests.backend_test.TestAuth" name="test_change_password_wrong_current" time="0.286" /><testcase classname="tests.backend_test.TestAuth" name="test_change_password_correct" time="1.001" /><testcase classname="tests.backend_test.TestAuth" name="test_logout_clears_cookies" time="0.435" /><testcase classname="tests.backend_test.TestAuth" name="test_brute_force_protection" time="0.401" /><testcase classname="tests.backend_test.TestUsers" name="test_list_users_admin" time="0.052" /><testcase classname="tests.backend_test.TestUsers" name="test_create_update_delete_user" time="0.430" /><testcase classname="tests.backend_test.TestUsers" name="test_cannot_delete_self" time="0.097" /><testcase classname="tests.backend_test.TestClients" name="test_crud_client" time="0.233" /><testcase classname="tests.backend_test.TestClients" name="test_client_import_csv_english" time="0.156" /><testcase classname="tests.backend_test.TestClients" name="test_client_import_csv_portuguese" time="0.159" /><testcase classname="tests.backend_test.TestClients" name="test_client_export_xlsx" time="0.107" /><testcase classname="tests.backend_test.TestProducts" name="test_crud_product" time="0.168" /><testcase classname="tests.backend_test.TestProducts" name="test_product_export_xlsx" time="0.070" /><testcase classname="tests.backend_test.TestProducts" name="test_product_import_csv" time="0.166" /><testcase classname="tests.backend_test.TestOrders" name="test_create_order_and_enrich" time="0.326" /><testcase classname="tests.backend_test.TestOrders" name="test_order_invalid_client" time="0.049" /><testcase classname="tests.backend_test.TestOrders" name="test_order_invalid_product" time="0.051" /><testcase classname="tests.backend_test.TestOrders" name="test_daily_pdf" time="0.171" /><testcase classname="tests.backend_test.TestDashboard" name="test_dashboard_stats" time="0.054" /><testcase classname="tests.backend_test.TestLogs" name="test_logs_admin" time="0.066" /><testcase classname="tests.backend_test.TestSettings" name="test_get_settings" time="0.050" /><testcase classname="tests.backend_test.TestSettings" name="test_update_settings" time="0.118" /><testcase classname="tests.backend_test.TestRBAC" name="test_seller_cannot_list_users" time="0.719" /><testcase classname="tests.backend_test.TestRBAC" name="test_seller_cannot_list_logs" time="0.046" /><testcase classname="tests.backend_test.TestRBAC" name="test_warehouse_cannot_create_clients" time="0.650" /><testcase classname="tests.backend_test.TestRBAC" name="test_warehouse_can_view_clients" time="0.273" /></testsuite></testsuites>