<?xml version="1.0" encoding="utf-8"?><testsuites name="pytest tests"><testsuite name="pytest" errors="0" failures="2" skipped="0" tests="30" time="7.727" timestamp="2026-04-22T13:26:48.860301+00:00" hostname="agent-env-ee23126f-822d-46d4-bb91-2222cb374a83"><testcase classname="tests.backend_test.TestAuth" name="test_login_success_sets_cookies" time="0.508" /><testcase classname="tests.backend_test.TestAuth" name="test_me_with_cookie" time="0.404" /><testcase classname="tests.backend_test.TestAuth" name="test_me_without_cookie" time="0.156" /><testcase classname="tests.backend_test.TestAuth" name="test_login_invalid" time="0.148" /><testcase classname="tests.backend_test.TestAuth" name="test_change_password_wrong_current" time="0.272" /><testcase classname="tests.backend_test.TestAuth" name="test_change_password_correct" time="0.997" /><testcase classname="tests.backend_test.TestAuth" name="test_logout_clears_cookies" time="0.470" /><testcase classname="tests.backend_test.TestAuth" name="test_brute_force_protection" time="0.365"><failure message="AssertionError: Brute force not triggered. Statuses: [401, 401, 401, 401, 401, 401]&#10;assert 429 in [401, 401, 401, 401, 401, 401]">tests/backend_test.py:105: in test_brute_force_protection
    assert 429 in statuses, f"Brute force not triggered. Statuses: {statuses}"
E   AssertionError: Brute force not triggered. Statuses: [401, 401, 401, 401, 401, 401]
E   assert 429 in [401, 401, 401, 401, 401, 401]</failure></testcase><testcase classname="tests.backend_test.TestUsers" name="test_list_users_admin" time="0.050" /><testcase classname="tests.backend_test.TestUsers" name="test_create_update_delete_user" time="0.421" /><testcase classname="tests.backend_test.TestUsers" name="test_cannot_delete_self" time="0.095" /><testcase classname="tests.backend_test.TestClients" name="test_crud_client" time="0.254" /><testcase classname="tests.backend_test.TestClients" name="test_client_import_csv_english" time="0.157" /><testcase classname="tests.backend_test.TestClients" name="test_client_import_csv_portuguese" time="0.152" /><testcase classname="tests.backend_test.TestClients" name="test_client_export_xlsx" time="0.248" /><testcase classname="tests.backend_test.TestProducts" name="test_crud_product" time="0.151" /><testcase classname="tests.backend_test.TestProducts" name="test_product_export_xlsx" time="0.054" /><testcase classname="tests.backend_test.TestProducts" name="test_product_import_csv" time="0.149" /><testcase classname="tests.backend_test.TestOrders" name="test_create_order_and_enrich" time="0.295" /><testcase classname="tests.backend_test.TestOrders" name="test_order_invalid_client" time="0.073" /><testcase classname="tests.backend_test.TestOrders" name="test_order_invalid_product" time="0.054" /><testcase classname="tests.backend_test.TestOrders" name="test_daily_pdf" time="0.093"><failure message="assert 404 == 200&#10; +  where 404 = &lt;Response [404]&gt;.status_code">tests/backend_test.py:290: in test_daily_pdf
    assert r.status_code == 200
E   assert 404 == 200
E    +  where 404 = &lt;Response [404]&gt;.status_code</failure></testcase><testcase classname="tests.backend_test.TestDashboard" name="test_dashboard_stats" time="0.058" /><testcase classname="tests.backend_test.TestLogs" name="test_logs_admin" time="0.053" /><testcase classname="tests.backend_test.TestSettings" name="test_get_settings" time="0.053" /><testcase classname="tests.backend_test.TestSettings" name="test_update_settings" time="0.111" /><testcase classname="tests.backend_test.TestRBAC" name="test_seller_cannot_list_users" time="0.683" /><testcase classname="tests.backend_test.TestRBAC" name="test_seller_cannot_list_logs" time="0.048" /><testcase classname="tests.backend_test.TestRBAC" name="test_warehouse_cannot_create_clients" time="0.712" /><testcase classname="tests.backend_test.TestRBAC" name="test_warehouse_can_view_clients" time="0.253" /></testsuite></testsuites>